[2024-04-07 00:48:48.208] [DISPLAY] [Main ] [sysinfo] OS Version: Major: 10 Minor: 0 Build: 19045 Service Pack: 
[2024-04-07 00:48:48.285] [DISPLAY] [Main ] [main] Working directory: C:\Program Files\Rockstar Games\Launcher
[2024-04-07 00:48:48.301] [DISPLAY] [Main ] [minmode] Running in Steam mode
[2024-04-07 00:48:48.301] [DISPLAY] [Main ] [minmode] Steam App Id: 12210
[2024-04-07 00:48:48.301] [DISPLAY] [Main ] [minmode] Title Id: 
[2024-04-07 00:48:48.301] [DISPLAY] [Main ] [minmode] Location: C:\Program Files (x86)\Steam\steamapps\common\Grand Theft Auto IV\GTAIV
[2024-04-07 00:48:48.301] [DISPLAY] [Main ] [launcher] Opening log file.
[2024-04-07 00:48:48.307] [DISPLAY] [Main ] [main] Command line: "C:\Program Files\Rockstar Games\Launcher\Launcher.exe" -skipPatcherCheck -steamAppId=12210 -steamLocation "C:\Program Files (x86)\Steam\steamapps\common\Grand Theft Auto IV\GTAIV" @args.txt
[2024-04-07 00:48:48.308] [DISPLAY] [Main ] [main] P4 Version: 
[2024-04-07 00:48:48.308] [DISPLAY] [Main ] [main] RGL Branch: release_02
[2024-04-07 00:48:48.308] [DISPLAY] [Main ] [main] Version: 1.0.87.1898
[2024-04-07 00:48:48.308] [DISPLAY] [Main ] [main] Parameters:
[2024-04-07 00:48:48.308] [DISPLAY] [Main ] [main]     C:\Program Files\Rockstar Games\Launcher\Launcher.exe
[2024-04-07 00:48:48.308] [DISPLAY] [Main ] [main]     -skipPatcherCheck
[2024-04-07 00:48:48.308] [DISPLAY] [Main ] [main]     -steamAppId=12210
[2024-04-07 00:48:48.308] [DISPLAY] [Main ] [main]     -steamLocation
[2024-04-07 00:48:48.308] [DISPLAY] [Main ] [main]     C:\Program Files (x86)\Steam\steamapps\common\Grand Theft Auto IV\GTAIV
[2024-04-07 00:48:48.308] [DISPLAY] [Main ] [main]     @args.txt
[2024-04-07 00:48:48.343] [DISPLAY] [Main ] [titlemanager] Installed titles:
[2024-04-07 00:48:48.343] [DISPLAY] [Main ] [titlemanager]  Title                             Progress               Version              Location                                                    
[2024-04-07 00:48:48.605] [DISPLAY] [Main ] [svc] Service version: 1.0.87.1898 (1.0.87.1898)
[2024-04-07 00:48:48.810] [DISPLAY] [Main ] [fileutils] Version: 2.3.0.2 | 1.0.87.1898 | FFP
[2024-04-07 00:48:48.854] [DISPLAY] [Workr] [selfupdate] Up-to-date.
[2024-04-07 00:48:49.450] [DISPLAY] [bgsvc] [svc] Received response from service.
[2024-04-07 00:48:49.847] [DISPLAY] [Main ] [systemtray] System tray: enabled
[2024-04-07 00:48:49.851] [DISPLAY] [Main ] [launcher] Passed check: majorVersion(10.0.19045) >= 10
[2024-04-07 00:48:49.860] [DISPLAY] [Workr] [idownloader] Starting download of 'https://gamedownloads-rockstargames-com.akamaized.net/public/launcher_online_config.xml'
[2024-04-07 00:48:49.972] [DISPLAY] [Workr] [idownloader] Completed download of 'https://gamedownloads-rockstargames-com.akamaized.net/public/launcher_online_config.xml' (status: 0/200)
[2024-04-07 00:48:49.973] [DISPLAY] [Workr] [titlemanager] Downloading title list...
[2024-04-07 00:48:49.973] [DISPLAY] [Workr] [titlemanager] Downloading default title list (SCS)...
[2024-04-07 00:48:49.973] [DISPLAY] [Workr] [idownloader] Starting download of 'https://rgl-prod.ros.rockstargames.com/launcher/11/LauncherServices/App.asmx/GetDefaultApps?accessToken='
[2024-04-07 00:48:50.943] [DISPLAY] [Workr] [idownloader] Completed download of 'https://rgl-prod.ros.rockstargames.com/launcher/11/LauncherServices/App.asmx/GetDefaultApps?accessToken=' (status: 0/200)
[2024-04-07 00:48:50.944] [DISPLAY] [Workr] [titlemanager] Title list updated.
[2024-04-07 00:48:50.944] [DISPLAY] [Workr] [launcher] Checking for self-update...
[2024-04-07 00:48:50.951] [DISPLAY] [Workr] [statuschecker] Title Rockstar Games Launcher: No update
[2024-04-07 00:48:50.957] [DISPLAY] [Workr] [launcher] No self-update, continuing.
[2024-04-07 00:48:50.957] [DISPLAY] [Workr] [launcher] Checking for prerequisite updates...
[2024-04-07 00:48:51.033] [DISPLAY] [Workr] [preqmanager] The Social Club version available matches that currently installed (both: 2.3.0.2)
[2024-04-07 00:48:51.033] [DISPLAY] [Workr] [titleupdater] No prerequisites to install.
[2024-04-07 00:48:51.033] [DISPLAY] [Workr] [launcher] Checking minimum SDK requirement
[2024-04-07 00:48:51.034] [DISPLAY] [Workr] [launcher] Completed Social Club Pre-initialization tasks
[2024-04-07 00:48:53.401] [DISPLAY] [Main ] [launcher] Social Club UI has started.
[2024-04-07 00:48:53.403] [DISPLAY] [Main ] [external] Notifying Social Club UI about external launch...
[2024-04-07 00:48:53.403] [DISPLAY] [Admin] [external] Setting up Steam title...
[2024-04-07 00:48:53.404] [DISPLAY] [Admin] [metadatamanager] Read external Steam metadata: gta4
[2024-04-07 00:48:53.404] [DISPLAY] [Admin] [external] Ready to attempt a launch.
[2024-04-07 00:48:57.251] [DISPLAY] [Main ] [launcher] Presence Event - Signed In
[2024-04-07 00:48:57.251] [DISPLAY] [Main ] [launcher] User 'Otorix_' is now signed in
[2024-04-07 00:48:57.404] [DISPLAY] [Main ] [launcher] Presence Event :: Went Online
[2024-04-07 00:48:57.404] [DISPLAY] [Main ] [external] Preparing to update/launch...
[2024-04-07 00:48:57.404] [DISPLAY] [Admin] [titlemanager] Downloading title list...
[2024-04-07 00:48:57.405] [DISPLAY] [Admin] [titlemanager] Downloading title list (SCS)...
[2024-04-07 00:48:57.405] [DISPLAY] [Main ] [launcher] Time to start up: 9248 ms
[2024-04-07 00:48:57.426] [DISPLAY] [Main ] [ui_mainwindow] Using DPI 96,96
[2024-04-07 00:48:57.426] [DISPLAY] [Main ] [ui_mainwindow] Using UI Scale: 1.00
[2024-04-07 00:48:57.430] [DISPLAY] [Main ] [ui_mainwindow] Using saved geometry: 320,220 (1024 x 600)
[2024-04-07 00:48:57.484] [DISPLAY] [Main ] [systemtray] System tray: enabled
[2024-04-07 00:48:57.554] [DISPLAY] [Main ] [scuicallbacks] Enabling Downloading
[2024-04-07 00:48:57.670] [DISPLAY] [Main ] [launcher] Friend Event - Friends are Available
[2024-04-07 00:48:57.946] [DISPLAY] [Main ] [scuicallbacks] Setting updated
[2024-04-07 00:48:57.946] [DISPLAY] [Main ] [scuicallbacks] Launch requested
[2024-04-07 00:48:57.946] [DISPLAY] [Main ] [scuicallbacks] Launch requested by user: gta4, 
[2024-04-07 00:48:57.946] [DISPLAY] [Main ] [external] Attempting external title launch...
[2024-04-07 00:48:58.860] [DISPLAY] [Admin] [titlemanager] Title list updated.
[2024-04-07 00:48:58.862] [DISPLAY] [Admin] [external] Ready to attempt a launch.
[2024-04-07 00:48:58.862] [DISPLAY] [Admin] [external] Attempting Steam launch. User is 'Alix'
[2024-04-07 00:48:59.273] [DISPLAY] [ 7832] [gamelaunch] Title has no minimum RGL version.
[2024-04-07 00:48:59.273] [DISPLAY] [ 7832] [gamelaunch] Title has no minimum RGL version.
[2024-04-07 00:49:00.886] [DISPLAY] [Admin] [titlemanager] Downloading title list...
[2024-04-07 00:49:00.886] [DISPLAY] [Admin] [titlemanager] Downloading title list (SCS)...
[2024-04-07 00:49:01.911] [DISPLAY] [Admin] [titlemanager] Title list updated.
[2024-04-07 00:49:03.523] [DISPLAY] [Main ] [gfwl] No GFWL save data migration is required.
[2024-04-07 00:49:03.541] [DISPLAY] [Main ] [cloudsaveop] Cloud Save sync requested for title 'gta4'
[2024-04-07 00:49:03.558] [DISPLAY] [Main ] [cloudsaveop] Starting cloud save enabled check for title 'gta4'
[2024-04-07 00:49:03.564] [DISPLAY] [Main ] [cloudsaveop] Received cloud saves enabled state for title 'gta4' = enabled
[2024-04-07 00:49:03.564] [DISPLAY] [Main ] [cloudsaveop] Identifying potential cloud save conflicts for title 'gta4'
[2024-04-07 00:49:04.340] [DISPLAY] [Main ] [cloudsaveop] Received modification list of cloud save files for title 'gta4'
[2024-04-07 00:49:04.340] [DISPLAY] [Main ] [cloudsaveop] Retrieving conflict metadata for title 'gta4'
[2024-04-07 00:49:04.357] [DISPLAY] [Main ] [cloudsaveop] Downloaded conflict metadata for title 'gta4'
[2024-04-07 00:49:04.357] [DISPLAY] [Main ] [cloudsaveop] Posting updated files for title 'gta4'
[2024-04-07 00:49:04.375] [DISPLAY] [Main ] [cloudsaveop] File uploading completed for title 'gta4'
[2024-04-07 00:49:04.375] [DISPLAY] [Main ] [cloudsaveop] Getting update files for title 'gta4'
[2024-04-07 00:49:04.391] [DISPLAY] [Main ] [cloudsaveop] File downloading completed for title 'gta4'
[2024-04-07 00:49:04.391] [DISPLAY] [Main ] [cloudsaveop] Deleting updated files for title 'gta4'
[2024-04-07 00:49:04.408] [DISPLAY] [Main ] [cloudsaveop] Files deletion completed for title 'gta4'
[2024-04-07 00:49:04.408] [DISPLAY] [Main ] [cloudsaveop] Swapping updated files in place for title 'gta4'
[2024-04-07 00:49:04.425] [DISPLAY] [Main ] [cloudsaveop] Finished syncing cloud saves for title 'gta4'
[2024-04-07 00:49:05.569] [DISPLAY] [ 7832] [gamelaunch] Launching game...
[2024-04-07 00:49:05.569] [DISPLAY] [ 7832] [gamelaunch]  Path: C:\Program Files (x86)\Steam\steamapps\common\Grand Theft Auto IV\GTAIV\GTAIV.exe
[2024-04-07 00:49:05.569] [DISPLAY] [ 7832] [gamelaunch]  Command Line: "C:\Program Files (x86)\Steam\steamapps\common\Grand Theft Auto IV\GTAIV\GTAIV.exe" -skipPatcherCheck -steamLocation "C:\Program Files (x86)\Steam\steamapps\common\Grand Theft Auto IV\GTAIV" @args.txt @commandline.txt -useSteam -steamAppId=12210 -scCommerceProvider=4
[2024-04-07 00:49:05.569] [DISPLAY] [ 7832] [gamelaunch]  Working Directory: C:\Program Files (x86)\Steam\steamapps\common\Grand Theft Auto IV\GTAIV
[2024-04-07 00:49:08.093] [DISPLAY] [ 7832] [gamelaunch] Game exited with code 0xc0000005 (3221225477)
[2024-04-07 00:49:08.122] [DISPLAY] [ 7832] [crashdetection] Game left no exit file.
[2024-04-07 00:49:08.122] [ ERROR ] [ 7832] [crashdetection] Exit code 0xc0000005 indicates a fatal game exit (reason: STATUS_ACCESS_VIOLATION)
[2024-04-07 00:49:08.140] [DISPLAY] [Main ] [cloudsaveop] Cloud Save sync requested for title 'gta4'
[2024-04-07 00:49:08.157] [DISPLAY] [Main ] [cloudsaveop] Starting cloud save enabled check for title 'gta4'
[2024-04-07 00:49:08.158] [DISPLAY] [Main ] [cloudsaveop] Received cloud saves enabled state for title 'gta4' = enabled
[2024-04-07 00:49:08.158] [DISPLAY] [Main ] [cloudsaveop] Identifying potential cloud save conflicts for title 'gta4'
[2024-04-07 00:49:08.910] [DISPLAY] [Main ] [cloudsaveop] Received modification list of cloud save files for title 'gta4'
[2024-04-07 00:49:08.910] [DISPLAY] [Main ] [cloudsaveop] Retrieving conflict metadata for title 'gta4'
[2024-04-07 00:49:08.927] [DISPLAY] [Main ] [cloudsaveop] Downloaded conflict metadata for title 'gta4'
[2024-04-07 00:49:08.927] [DISPLAY] [Main ] [cloudsaveop] Posting updated files for title 'gta4'
[2024-04-07 00:49:08.944] [DISPLAY] [Main ] [cloudsaveop] File uploading completed for title 'gta4'
[2024-04-07 00:49:08.944] [DISPLAY] [Main ] [cloudsaveop] Getting update files for title 'gta4'
[2024-04-07 00:49:08.989] [DISPLAY] [Main ] [cloudsaveop] File downloading completed for title 'gta4'
[2024-04-07 00:49:08.989] [DISPLAY] [Main ] [cloudsaveop] Deleting updated files for title 'gta4'
[2024-04-07 00:49:09.007] [DISPLAY] [Main ] [cloudsaveop] Files deletion completed for title 'gta4'
[2024-04-07 00:49:09.007] [DISPLAY] [Main ] [cloudsaveop] Swapping updated files in place for title 'gta4'
[2024-04-07 00:49:09.025] [DISPLAY] [Main ] [cloudsaveop] Finished syncing cloud saves for title 'gta4'
[2024-04-07 00:49:09.997] [DISPLAY] [ 7832] [launcher] Shutdown requested! Forced: false
[2024-04-07 00:49:09.998] [DISPLAY] [Main ] [launcher] StartShutdown - Now in progress
[2024-04-07 00:49:10.147] [DISPLAY] [Main ] [sysinfo] Drive C:\ has 293.52 GB free, 930.90 GB total
[2024-04-07 00:49:10.764] [DISPLAY] [Main ] [sysinfo] Drive C:\ has 293.52 GB free, 930.90 GB total
[2024-04-07 00:49:10.777] [DISPLAY] [Main ] [launcher] Shutdown requested! Forced: false
[2024-04-07 00:49:11.934] [DISPLAY] [Main ] [app] Application quit requested (exit code: 0)
[2024-04-07 00:49:11.981] [DISPLAY] [Main ] [svc] Stopping the background service.
