[2024-04-02 22:04:36.235] [DISPLAY] [Main ] [sysinfo] OS Version: Major: 10 Minor: 0 Build: 19045 Service Pack: 
[2024-04-02 22:04:36.259] [DISPLAY] [Main ] [main] Working directory: C:\Program Files\Rockstar Games\Launcher
[2024-04-02 22:04:36.273] [DISPLAY] [Main ] [minmode] Running in Epic mode.
[2024-04-02 22:04:36.273] [DISPLAY] [Main ] [minmode] Title Id: gta5
[2024-04-02 22:04:36.273] [DISPLAY] [Main ] [minmode] Location: C:\Program Files\Epic Games\GTAV
[2024-04-02 22:04:36.273] [DISPLAY] [Main ] [launcher] Opening log file.
[2024-04-02 22:04:36.276] [DISPLAY] [Main ] [main] Command line: "C:\Program Files\Rockstar Games\Launcher\Launcher.exe" -skipPatcherCheck -epicAppId=gta5  -AUTH_LOGIN=unused -AUTH_PASSWORD=d08187fc9f4b48468c79db05c3dae055 -AUTH_TYPE=exchangecode -epicapp=9d2d0eb64d5c44529cece33fe2a46482 -epicenv=Prod -EpicPortal  -epicusername="Otorix_" -epicuserid=4f5014836f5b45c1a6439a66e23d786d -epiclocale=pt-BR -epicsandboxid=0584d2013f0149a791e7b9bad0eec102 -rlrosDomainEnv=prod @args.txt
[2024-04-02 22:04:36.276] [DISPLAY] [Main ] [main] P4 Version: 
[2024-04-02 22:04:36.276] [DISPLAY] [Main ] [main] RGL Branch: release_02
[2024-04-02 22:04:36.276] [DISPLAY] [Main ] [main] Version: 1.0.87.1898
[2024-04-02 22:04:36.276] [DISPLAY] [Main ] [main] Parameters:
[2024-04-02 22:04:36.276] [DISPLAY] [Main ] [main]     C:\Program Files\Rockstar Games\Launcher\Launcher.exe
[2024-04-02 22:04:36.276] [DISPLAY] [Main ] [main]     -skipPatcherCheck
[2024-04-02 22:04:36.276] [DISPLAY] [Main ] [main]     -epicAppId=gta5
[2024-04-02 22:04:36.276] [DISPLAY] [Main ] [main]     -AUTH_LOGIN=unused
[2024-04-02 22:04:36.276] [DISPLAY] [Main ] [main]     -AUTH_PASSWORD=d08187fc9f4b48468c79db05c3dae055
[2024-04-02 22:04:36.276] [DISPLAY] [Main ] [main]     -AUTH_TYPE=exchangecode
[2024-04-02 22:04:36.276] [DISPLAY] [Main ] [main]     -epicapp=9d2d0eb64d5c44529cece33fe2a46482
[2024-04-02 22:04:36.276] [DISPLAY] [Main ] [main]     -epicenv=Prod
[2024-04-02 22:04:36.276] [DISPLAY] [Main ] [main]     -EpicPortal
[2024-04-02 22:04:36.276] [DISPLAY] [Main ] [main]     -epicusername=Otorix_
[2024-04-02 22:04:36.276] [DISPLAY] [Main ] [main]     -epicuserid=4f5014836f5b45c1a6439a66e23d786d
[2024-04-02 22:04:36.276] [DISPLAY] [Main ] [main]     -epiclocale=pt-BR
[2024-04-02 22:04:36.276] [DISPLAY] [Main ] [main]     -epicsandboxid=0584d2013f0149a791e7b9bad0eec102
[2024-04-02 22:04:36.276] [DISPLAY] [Main ] [main]     -rlrosDomainEnv=prod
[2024-04-02 22:04:36.276] [DISPLAY] [Main ] [main]     @args.txt
[2024-04-02 22:04:36.300] [DISPLAY] [Main ] [titlemanager] Installed titles:
[2024-04-02 22:04:36.300] [DISPLAY] [Main ] [titlemanager]  Title                             Progress               Version              Location                                                    
[2024-04-02 22:04:36.386] [DISPLAY] [Main ] [svc] Service version: 1.0.87.1898 (1.0.87.1898)
[2024-04-02 22:04:36.481] [DISPLAY] [Main ] [fileutils] Version: 2.3.0.2 | 1.0.87.1898 | FFP
[2024-04-02 22:04:36.519] [DISPLAY] [Workr] [selfupdate] Up-to-date.
[2024-04-02 22:04:37.004] [DISPLAY] [bgsvc] [svc] Received response from service.
[2024-04-02 22:04:37.253] [DISPLAY] [Main ] [systemtray] System tray: enabled
[2024-04-02 22:04:37.255] [DISPLAY] [Main ] [launcher] Passed check: majorVersion(10.0.19045) >= 10
[2024-04-02 22:04:37.261] [DISPLAY] [Workr] [idownloader] Starting download of 'https://gamedownloads-rockstargames-com.akamaized.net/public/launcher_online_config.xml'
[2024-04-02 22:04:37.393] [DISPLAY] [Workr] [idownloader] Completed download of 'https://gamedownloads-rockstargames-com.akamaized.net/public/launcher_online_config.xml' (status: 0/200)
[2024-04-02 22:04:37.393] [DISPLAY] [Workr] [titlemanager] Downloading title list...
[2024-04-02 22:04:37.393] [DISPLAY] [Workr] [titlemanager] Downloading default title list (SCS)...
[2024-04-02 22:04:37.393] [DISPLAY] [Workr] [idownloader] Starting download of 'https://rgl-prod.ros.rockstargames.com/launcher/11/LauncherServices/App.asmx/GetDefaultApps?accessToken='
[2024-04-02 22:04:38.265] [DISPLAY] [Workr] [idownloader] Completed download of 'https://rgl-prod.ros.rockstargames.com/launcher/11/LauncherServices/App.asmx/GetDefaultApps?accessToken=' (status: 0/200)
[2024-04-02 22:04:38.265] [DISPLAY] [Workr] [titlemanager] Title list updated.
[2024-04-02 22:04:38.265] [DISPLAY] [Workr] [launcher] Checking for self-update...
[2024-04-02 22:04:38.268] [DISPLAY] [Workr] [statuschecker] Title Rockstar Games Launcher: No update
[2024-04-02 22:04:38.272] [DISPLAY] [Workr] [launcher] No self-update, continuing.
[2024-04-02 22:04:38.272] [DISPLAY] [Workr] [launcher] Checking for prerequisite updates...
[2024-04-02 22:04:38.300] [DISPLAY] [Workr] [preqmanager] The Social Club version available matches that currently installed (both: 2.3.0.2)
[2024-04-02 22:04:38.300] [DISPLAY] [Workr] [titleupdater] No prerequisites to install.
[2024-04-02 22:04:38.300] [DISPLAY] [Workr] [launcher] Checking minimum SDK requirement
[2024-04-02 22:04:38.301] [DISPLAY] [Workr] [launcher] Completed Social Club Pre-initialization tasks
[2024-04-02 22:04:40.000] [DISPLAY] [Main ] [launcher] Social Club UI has started.
[2024-04-02 22:04:40.000] [DISPLAY] [Main ] [external] Notifying Social Club UI about external launch...
[2024-04-02 22:04:40.000] [DISPLAY] [Admin] [external] Setting up Epic title...
[2024-04-02 22:04:40.001] [DISPLAY] [Admin] [metadatamanager] Read external Epic metadata: gta5
[2024-04-02 22:04:40.695] [DISPLAY] [Main ] [launcher] Time to start up: 4486 ms
[2024-04-02 22:04:40.697] [DISPLAY] [Main ] [ui_mainwindow] Using DPI 96,96
[2024-04-02 22:04:40.697] [DISPLAY] [Main ] [ui_mainwindow] Using UI Scale: 1.00
[2024-04-02 22:04:40.697] [DISPLAY] [Main ] [ui_mainwindow] Using saved geometry: 320,220 (1024 x 600)
[2024-04-02 22:04:40.729] [DISPLAY] [Main ] [systemtray] System tray: enabled
[2024-04-02 22:04:43.052] [DISPLAY] [Main ] [launcher] OnEpicEvent :: 0 received
[2024-04-02 22:04:43.908] [DISPLAY] [Admin] [external] Epic ownership request indicated valid entitlement of at least once audience
[2024-04-02 22:04:43.916] [DISPLAY] [Admin] [external] Ready to attempt a launch.
[2024-04-02 22:04:46.598] [DISPLAY] [Main ] [launcher] Presence Event - Signed In
[2024-04-02 22:04:46.598] [DISPLAY] [Main ] [launcher] User 'Otorix_' is now signed in
[2024-04-02 22:04:46.614] [DISPLAY] [Main ] [launcher] Presence Event :: Went Online
[2024-04-02 22:04:46.614] [DISPLAY] [Main ] [external] Preparing to update/launch...
[2024-04-02 22:04:46.614] [DISPLAY] [Admin] [titlemanager] Downloading title list...
[2024-04-02 22:04:46.614] [DISPLAY] [Admin] [titlemanager] Downloading title list (SCS)...
[2024-04-02 22:04:46.643] [DISPLAY] [Main ] [scuicallbacks] Enabling Downloading
[2024-04-02 22:04:46.676] [DISPLAY] [Main ] [launcher] Friend Event - Friends are Available
[2024-04-02 22:04:47.134] [DISPLAY] [Main ] [scuicallbacks] Setting updated
[2024-04-02 22:04:47.134] [DISPLAY] [Main ] [scuicallbacks] Launch requested
[2024-04-02 22:04:47.134] [DISPLAY] [Main ] [scuicallbacks] Launch requested by user: gta5, 
[2024-04-02 22:04:47.134] [DISPLAY] [Main ] [external] Attempting external title launch...
[2024-04-02 22:04:47.651] [DISPLAY] [Admin] [titlemanager] Title list updated.
[2024-04-02 22:04:47.652] [DISPLAY] [Admin] [external] Ready to attempt a launch.
[2024-04-02 22:04:47.772] [DISPLAY] [16504] [gamelaunch] RGL is up to date (current: 1.0.87.1898, minimum: 1.0.26.268)
[2024-04-02 22:04:47.772] [DISPLAY] [16504] [gamelaunch] Grand Theft Auto V is up to date (current: 1.0.3095.0, minimum: 1.0.1868.0)
[2024-04-02 22:04:48.795] [DISPLAY] [Admin] [titlemanager] Downloading title list...
[2024-04-02 22:04:48.795] [DISPLAY] [Admin] [titlemanager] Downloading title list (SCS)...
[2024-04-02 22:04:49.798] [DISPLAY] [Admin] [titlemanager] Title list updated.
[2024-04-02 22:04:51.167] [DISPLAY] [Main ] [cloudsaveop] Cloud Save sync requested for title 'gta5'
[2024-04-02 22:04:51.185] [DISPLAY] [Main ] [cloudsaveop] Starting cloud save enabled check for title 'gta5'
[2024-04-02 22:04:51.189] [DISPLAY] [Main ] [cloudsaveop] Received cloud saves enabled state for title 'gta5' = enabled
[2024-04-02 22:04:51.189] [DISPLAY] [Main ] [cloudsaveop] Identifying potential cloud save conflicts for title 'gta5'
[2024-04-02 22:04:51.947] [DISPLAY] [Main ] [cloudsaveop] Received modification list of cloud save files for title 'gta5'
[2024-04-02 22:04:51.947] [DISPLAY] [Main ] [cloudsaveop] Retrieving conflict metadata for title 'gta5'
[2024-04-02 22:04:51.964] [DISPLAY] [Main ] [cloudsaveop] Downloaded conflict metadata for title 'gta5'
[2024-04-02 22:04:51.964] [DISPLAY] [Main ] [cloudsaveop] Posting updated files for title 'gta5'
[2024-04-02 22:04:54.591] [DISPLAY] [Main ] [cloudsaveop] File uploading completed for title 'gta5'
[2024-04-02 22:04:54.591] [DISPLAY] [Main ] [cloudsaveop] Getting update files for title 'gta5'
[2024-04-02 22:04:54.607] [DISPLAY] [Main ] [cloudsaveop] File downloading completed for title 'gta5'
[2024-04-02 22:04:54.607] [DISPLAY] [Main ] [cloudsaveop] Deleting updated files for title 'gta5'
[2024-04-02 22:04:54.624] [DISPLAY] [Main ] [cloudsaveop] Files deletion completed for title 'gta5'
[2024-04-02 22:04:54.624] [DISPLAY] [Main ] [cloudsaveop] Swapping updated files in place for title 'gta5'
[2024-04-02 22:04:54.641] [DISPLAY] [Main ] [cloudsaveop] Finished syncing cloud saves for title 'gta5'
[2024-04-02 22:04:54.675] [DISPLAY] [net3 ] [audio] Valid Audio Device: true
[2024-04-02 22:04:55.879] [DISPLAY] [16504] [gamelaunch] Launching game...
[2024-04-02 22:04:55.879] [DISPLAY] [16504] [gamelaunch]  Path: C:\Program Files\Epic Games\GTAV\GTA5.exe
[2024-04-02 22:04:55.879] [DISPLAY] [16504] [gamelaunch]  Command Line: "C:\Program Files\Epic Games\GTAV\GTA5.exe" -skipPatcherCheck -epicAppId=gta5 -AUTH_LOGIN=unused -AUTH_PASSWORD=d08187fc9f4b48468c79db05c3dae055 -AUTH_TYPE=exchangecode -epicapp=9d2d0eb64d5c44529cece33fe2a46482 -epicenv=Prod -EpicPortal -epicusername=Otorix_ -epicuserid=4f5014836f5b45c1a6439a66e23d786d -epiclocale=pt-BR -epicsandboxid=0584d2013f0149a791e7b9bad0eec102 -rlrosDomainEnv=prod @args.txt @commandline.txt -enableCrashpad -useEpic -scCommerceProvider=4 -rglLanguage=pt-PT
[2024-04-02 22:04:55.879] [DISPLAY] [16504] [gamelaunch]  Working Directory: C:\Program Files\Epic Games\GTAV
[2024-04-02 22:24:31.906] [DISPLAY] [16504] [gamelaunch] Game exited with code 0xc0000005 (3221225477)
[2024-04-02 22:24:31.906] [DISPLAY] [16504] [crashdetection] Game left no exit file.
[2024-04-02 22:24:31.906] [ ERROR ] [16504] [crashdetection] Exit code 0xc0000005 indicates a fatal game exit (reason: STATUS_ACCESS_VIOLATION)
[2024-04-02 22:24:31.921] [DISPLAY] [Main ] [cloudsaveop] Cloud Save sync requested for title 'gta5'
[2024-04-02 22:24:31.938] [DISPLAY] [Main ] [cloudsaveop] Starting cloud save enabled check for title 'gta5'
[2024-04-02 22:24:31.938] [DISPLAY] [Main ] [cloudsaveop] Received cloud saves enabled state for title 'gta5' = enabled
[2024-04-02 22:24:31.938] [DISPLAY] [Main ] [cloudsaveop] Identifying potential cloud save conflicts for title 'gta5'
[2024-04-02 22:24:32.701] [DISPLAY] [Main ] [cloudsaveop] Received modification list of cloud save files for title 'gta5'
[2024-04-02 22:24:32.701] [DISPLAY] [Main ] [cloudsaveop] Retrieving conflict metadata for title 'gta5'
[2024-04-02 22:24:32.718] [DISPLAY] [Main ] [cloudsaveop] Downloaded conflict metadata for title 'gta5'
[2024-04-02 22:24:32.718] [DISPLAY] [Main ] [cloudsaveop] Posting updated files for title 'gta5'
[2024-04-02 22:24:35.273] [DISPLAY] [Main ] [cloudsaveop] File uploading completed for title 'gta5'
[2024-04-02 22:24:35.273] [DISPLAY] [Main ] [cloudsaveop] Getting update files for title 'gta5'
[2024-04-02 22:24:35.290] [DISPLAY] [Main ] [cloudsaveop] File downloading completed for title 'gta5'
[2024-04-02 22:24:35.290] [DISPLAY] [Main ] [cloudsaveop] Deleting updated files for title 'gta5'
[2024-04-02 22:24:35.307] [DISPLAY] [Main ] [cloudsaveop] Files deletion completed for title 'gta5'
[2024-04-02 22:24:35.307] [DISPLAY] [Main ] [cloudsaveop] Swapping updated files in place for title 'gta5'
[2024-04-02 22:24:35.324] [DISPLAY] [Main ] [cloudsaveop] Finished syncing cloud saves for title 'gta5'
[2024-04-02 22:24:36.238] [DISPLAY] [16504] [launcher] Shutdown requested! Forced: false
[2024-04-02 22:24:36.238] [DISPLAY] [Main ] [launcher] StartShutdown - Now in progress
[2024-04-02 22:24:36.238] [DISPLAY] [Main ] [svc] Stopping the background service.
[2024-04-02 22:24:38.379] [DISPLAY] [Main ] [app] Application quit requested (exit code: 0)
