[2024-04-04 00:24:25.882] [DISPLAY] [Main ] [sysinfo] OS Version: Major: 10 Minor: 0 Build: 19045 Service Pack: 
[2024-04-04 00:24:25.898] [DISPLAY] [Main ] [main] Working directory: C:\Program Files\Rockstar Games\Launcher
[2024-04-04 00:24:25.908] [DISPLAY] [Main ] [minmode] Running in Steam mode
[2024-04-04 00:24:25.908] [DISPLAY] [Main ] [minmode] Steam App Id: 12210
[2024-04-04 00:24:25.908] [DISPLAY] [Main ] [minmode] Title Id: 
[2024-04-04 00:24:25.908] [DISPLAY] [Main ] [minmode] Location: C:\Program Files (x86)\Steam\steamapps\common\Grand Theft Auto IV\GTAIV
[2024-04-04 00:24:25.908] [DISPLAY] [Main ] [launcher] Opening log file.
[2024-04-04 00:24:25.912] [DISPLAY] [Main ] [main] Command line: "C:\Program Files\Rockstar Games\Launcher\Launcher.exe" -skipPatcherCheck -steamAppId=12210 -steamLocation "C:\Program Files (x86)\Steam\steamapps\common\Grand Theft Auto IV\GTAIV" @args.txt
[2024-04-04 00:24:25.912] [DISPLAY] [Main ] [main] P4 Version: 
[2024-04-04 00:24:25.912] [DISPLAY] [Main ] [main] RGL Branch: release_02
[2024-04-04 00:24:25.912] [DISPLAY] [Main ] [main] Version: 1.0.87.1898
[2024-04-04 00:24:25.912] [DISPLAY] [Main ] [main] Parameters:
[2024-04-04 00:24:25.912] [DISPLAY] [Main ] [main]     C:\Program Files\Rockstar Games\Launcher\Launcher.exe
[2024-04-04 00:24:25.912] [DISPLAY] [Main ] [main]     -skipPatcherCheck
[2024-04-04 00:24:25.912] [DISPLAY] [Main ] [main]     -steamAppId=12210
[2024-04-04 00:24:25.912] [DISPLAY] [Main ] [main]     -steamLocation
[2024-04-04 00:24:25.912] [DISPLAY] [Main ] [main]     C:\Program Files (x86)\Steam\steamapps\common\Grand Theft Auto IV\GTAIV
[2024-04-04 00:24:25.912] [DISPLAY] [Main ] [main]     @args.txt
[2024-04-04 00:24:25.939] [DISPLAY] [Main ] [titlemanager] Installed titles:
[2024-04-04 00:24:25.939] [DISPLAY] [Main ] [titlemanager]  Title                             Progress               Version              Location                                                    
[2024-04-04 00:24:26.090] [DISPLAY] [Main ] [svc] Service version: 1.0.87.1898 (1.0.87.1898)
[2024-04-04 00:24:26.251] [DISPLAY] [Main ] [fileutils] Version: 2.3.0.2 | 1.0.87.1898 | FFP
[2024-04-04 00:24:26.293] [DISPLAY] [Workr] [selfupdate] Up-to-date.
[2024-04-04 00:24:26.738] [DISPLAY] [bgsvc] [svc] Received response from service.
[2024-04-04 00:24:27.075] [DISPLAY] [Main ] [systemtray] System tray: enabled
[2024-04-04 00:24:27.078] [DISPLAY] [Main ] [launcher] Passed check: majorVersion(10.0.19045) >= 10
[2024-04-04 00:24:27.083] [DISPLAY] [Workr] [idownloader] Starting download of 'https://gamedownloads-rockstargames-com.akamaized.net/public/launcher_online_config.xml'
[2024-04-04 00:24:27.187] [DISPLAY] [Workr] [idownloader] Completed download of 'https://gamedownloads-rockstargames-com.akamaized.net/public/launcher_online_config.xml' (status: 0/200)
[2024-04-04 00:24:27.187] [DISPLAY] [Workr] [titlemanager] Downloading title list...
[2024-04-04 00:24:27.187] [DISPLAY] [Workr] [titlemanager] Downloading default title list (SCS)...
[2024-04-04 00:24:27.187] [DISPLAY] [Workr] [idownloader] Starting download of 'https://rgl-prod.ros.rockstargames.com/launcher/11/LauncherServices/App.asmx/GetDefaultApps?accessToken='
[2024-04-04 00:24:28.122] [DISPLAY] [Workr] [idownloader] Completed download of 'https://rgl-prod.ros.rockstargames.com/launcher/11/LauncherServices/App.asmx/GetDefaultApps?accessToken=' (status: 0/200)
[2024-04-04 00:24:28.122] [DISPLAY] [Workr] [titlemanager] Title list updated.
[2024-04-04 00:24:28.122] [DISPLAY] [Workr] [launcher] Checking for self-update...
[2024-04-04 00:24:28.125] [DISPLAY] [Workr] [statuschecker] Title Rockstar Games Launcher: No update
[2024-04-04 00:24:28.129] [DISPLAY] [Workr] [launcher] No self-update, continuing.
[2024-04-04 00:24:28.129] [DISPLAY] [Workr] [launcher] Checking for prerequisite updates...
[2024-04-04 00:24:28.180] [DISPLAY] [Workr] [preqmanager] The Social Club version available matches that currently installed (both: 2.3.0.2)
[2024-04-04 00:24:28.180] [DISPLAY] [Workr] [titleupdater] No prerequisites to install.
[2024-04-04 00:24:28.180] [DISPLAY] [Workr] [launcher] Checking minimum SDK requirement
[2024-04-04 00:24:28.202] [DISPLAY] [Workr] [launcher] Completed Social Club Pre-initialization tasks
[2024-04-04 00:24:30.257] [DISPLAY] [Main ] [launcher] Social Club UI has started.
[2024-04-04 00:24:30.258] [DISPLAY] [Main ] [external] Notifying Social Club UI about external launch...
[2024-04-04 00:24:30.258] [DISPLAY] [Admin] [external] Setting up Steam title...
[2024-04-04 00:24:30.258] [DISPLAY] [Admin] [metadatamanager] Read external Steam metadata: gta4
[2024-04-04 00:24:30.258] [DISPLAY] [Admin] [external] Ready to attempt a launch.
[2024-04-04 00:24:34.588] [DISPLAY] [Main ] [launcher] Presence Event - Signed In
[2024-04-04 00:24:34.588] [DISPLAY] [Main ] [launcher] User 'Otorix_' is now signed in
[2024-04-04 00:24:34.621] [DISPLAY] [Main ] [launcher] Presence Event :: Went Online
[2024-04-04 00:24:34.621] [DISPLAY] [Main ] [external] Preparing to update/launch...
[2024-04-04 00:24:34.621] [DISPLAY] [Admin] [titlemanager] Downloading title list...
[2024-04-04 00:24:34.621] [DISPLAY] [Admin] [titlemanager] Downloading title list (SCS)...
[2024-04-04 00:24:34.622] [DISPLAY] [Main ] [launcher] Time to start up: 8784 ms
[2024-04-04 00:24:34.626] [DISPLAY] [Main ] [ui_mainwindow] Using DPI 96,96
[2024-04-04 00:24:34.626] [DISPLAY] [Main ] [ui_mainwindow] Using UI Scale: 1.00
[2024-04-04 00:24:34.626] [DISPLAY] [Main ] [ui_mainwindow] Using saved geometry: 320,220 (1024 x 600)
[2024-04-04 00:24:34.667] [DISPLAY] [Main ] [systemtray] System tray: enabled
[2024-04-04 00:24:34.677] [DISPLAY] [Main ] [scuicallbacks] Enabling Downloading
[2024-04-04 00:24:34.732] [DISPLAY] [Main ] [launcher] Friend Event - Friends are Available
[2024-04-04 00:24:35.133] [DISPLAY] [Main ] [scuicallbacks] Setting updated
[2024-04-04 00:24:35.133] [DISPLAY] [Main ] [scuicallbacks] Launch requested
[2024-04-04 00:24:35.133] [DISPLAY] [Main ] [scuicallbacks] Launch requested by user: gta4, 
[2024-04-04 00:24:35.133] [DISPLAY] [Main ] [external] Attempting external title launch...
[2024-04-04 00:24:35.701] [DISPLAY] [Admin] [titlemanager] Title list updated.
[2024-04-04 00:24:35.702] [DISPLAY] [Admin] [external] Ready to attempt a launch.
[2024-04-04 00:24:35.702] [DISPLAY] [Admin] [external] Attempting Steam launch. User is 'Alix'
[2024-04-04 00:24:35.734] [DISPLAY] [22036] [gamelaunch] Title has no minimum RGL version.
[2024-04-04 00:24:35.734] [DISPLAY] [22036] [gamelaunch] Title has no minimum RGL version.
[2024-04-04 00:24:37.051] [DISPLAY] [Admin] [titlemanager] Downloading title list...
[2024-04-04 00:24:37.051] [DISPLAY] [Admin] [titlemanager] Downloading title list (SCS)...
[2024-04-04 00:24:38.071] [DISPLAY] [Admin] [titlemanager] Title list updated.
[2024-04-04 00:24:39.288] [DISPLAY] [Main ] [gfwl] Requesting save migration from user
[2024-04-04 00:24:47.628] [DISPLAY] [Main ] [gfwl] No save data to migrate from GFWL.
[2024-04-04 00:24:48.907] [DISPLAY] [Main ] [cloudsaveop] Cloud Save sync requested for title 'gta4'
[2024-04-04 00:24:48.924] [DISPLAY] [Main ] [cloudsaveop] Starting cloud save enabled check for title 'gta4'
[2024-04-04 00:24:50.650] [DISPLAY] [Main ] [cloudsaveop] Received cloud saves enabled state for title 'gta4' = enabled
[2024-04-04 00:24:50.650] [DISPLAY] [Main ] [cloudsaveop] Identifying potential cloud save conflicts for title 'gta4'
[2024-04-04 00:24:51.429] [DISPLAY] [Main ] [cloudsaveop] Received modification list of cloud save files for title 'gta4'
[2024-04-04 00:24:51.429] [DISPLAY] [Main ] [cloudsaveop] Retrieving conflict metadata for title 'gta4'
[2024-04-04 00:24:53.612] [DISPLAY] [Main ] [cloudsaveop] Downloaded conflict metadata for title 'gta4'
[2024-04-04 00:24:53.612] [DISPLAY] [Main ] [cloudsaveop] Posting updated files for title 'gta4'
[2024-04-04 00:24:53.629] [DISPLAY] [Main ] [cloudsaveop] File uploading completed for title 'gta4'
[2024-04-04 00:24:53.629] [DISPLAY] [Main ] [cloudsaveop] Getting update files for title 'gta4'
[2024-04-04 00:24:57.132] [DISPLAY] [Main ] [cloudsaveop] File downloading completed for title 'gta4'
[2024-04-04 00:24:57.132] [DISPLAY] [Main ] [cloudsaveop] Deleting updated files for title 'gta4'
[2024-04-04 00:24:57.149] [DISPLAY] [Main ] [cloudsaveop] Files deletion completed for title 'gta4'
[2024-04-04 00:24:57.149] [DISPLAY] [Main ] [cloudsaveop] Swapping updated files in place for title 'gta4'
[2024-04-04 00:24:57.268] [DISPLAY] [Main ] [cloudsaveop] Finished syncing cloud saves for title 'gta4'
[2024-04-04 00:24:58.520] [DISPLAY] [22036] [gamelaunch] Launching game...
[2024-04-04 00:24:58.520] [DISPLAY] [22036] [gamelaunch]  Path: C:\Program Files (x86)\Steam\steamapps\common\Grand Theft Auto IV\GTAIV\GTAIV.exe
[2024-04-04 00:24:58.520] [DISPLAY] [22036] [gamelaunch]  Command Line: "C:\Program Files (x86)\Steam\steamapps\common\Grand Theft Auto IV\GTAIV\GTAIV.exe" -skipPatcherCheck -steamLocation "C:\Program Files (x86)\Steam\steamapps\common\Grand Theft Auto IV\GTAIV" @args.txt @commandline.txt -useSteam -steamAppId=12210 -scCommerceProvider=4
[2024-04-04 00:24:58.520] [DISPLAY] [22036] [gamelaunch]  Working Directory: C:\Program Files (x86)\Steam\steamapps\common\Grand Theft Auto IV\GTAIV
