[2024-04-08 01:32:39.573] [DISPLAY] [Main ] [sysinfo] OS Version: Major: 10 Minor: 0 Build: 19045 Service Pack: 
[2024-04-08 01:32:39.584] [DISPLAY] [Main ] [main] Working directory: C:\Program Files\Rockstar Games\Launcher
[2024-04-08 01:32:39.594] [DISPLAY] [Main ] [minmode] Running in Steam mode
[2024-04-08 01:32:39.594] [DISPLAY] [Main ] [minmode] Steam App Id: 12210
[2024-04-08 01:32:39.594] [DISPLAY] [Main ] [minmode] Title Id: 
[2024-04-08 01:32:39.594] [DISPLAY] [Main ] [minmode] Location: C:\Program Files (x86)\Steam\steamapps\common\Grand Theft Auto IV\GTAIV
[2024-04-08 01:32:39.594] [DISPLAY] [Main ] [launcher] Opening log file.
[2024-04-08 01:32:39.598] [DISPLAY] [Main ] [main] Command line: "C:\Program Files\Rockstar Games\Launcher\Launcher.exe" -skipPatcherCheck -steamAppId=12210 -steamLocation "C:\Program Files (x86)\Steam\steamapps\common\Grand Theft Auto IV\GTAIV" @args.txt
[2024-04-08 01:32:39.598] [DISPLAY] [Main ] [main] P4 Version: 
[2024-04-08 01:32:39.598] [DISPLAY] [Main ] [main] RGL Branch: release_02
[2024-04-08 01:32:39.598] [DISPLAY] [Main ] [main] Version: 1.0.87.1898
[2024-04-08 01:32:39.598] [DISPLAY] [Main ] [main] Parameters:
[2024-04-08 01:32:39.598] [DISPLAY] [Main ] [main]     C:\Program Files\Rockstar Games\Launcher\Launcher.exe
[2024-04-08 01:32:39.598] [DISPLAY] [Main ] [main]     -skipPatcherCheck
[2024-04-08 01:32:39.598] [DISPLAY] [Main ] [main]     -steamAppId=12210
[2024-04-08 01:32:39.598] [DISPLAY] [Main ] [main]     -steamLocation
[2024-04-08 01:32:39.598] [DISPLAY] [Main ] [main]     C:\Program Files (x86)\Steam\steamapps\common\Grand Theft Auto IV\GTAIV
[2024-04-08 01:32:39.598] [DISPLAY] [Main ] [main]     @args.txt
[2024-04-08 01:32:39.625] [DISPLAY] [Main ] [titlemanager] Installed titles:
[2024-04-08 01:32:39.625] [DISPLAY] [Main ] [titlemanager]  Title                             Progress               Version              Location                                                    
[2024-04-08 01:32:39.781] [DISPLAY] [Main ] [svc] Service version: 1.0.87.1898 (1.0.87.1898)
[2024-04-08 01:32:39.961] [DISPLAY] [Main ] [fileutils] Version: 2.3.0.2 | 1.0.87.1898 | FFP
[2024-04-08 01:32:40.061] [DISPLAY] [Workr] [selfupdate] Up-to-date.
[2024-04-08 01:32:40.532] [DISPLAY] [bgsvc] [svc] Received response from service.
[2024-04-08 01:32:40.846] [DISPLAY] [Main ] [systemtray] System tray: enabled
[2024-04-08 01:32:40.849] [DISPLAY] [Main ] [launcher] Passed check: majorVersion(10.0.19045) >= 10
[2024-04-08 01:32:40.855] [DISPLAY] [Workr] [idownloader] Starting download of 'https://gamedownloads-rockstargames-com.akamaized.net/public/launcher_online_config.xml'
[2024-04-08 01:32:40.964] [DISPLAY] [Workr] [idownloader] Completed download of 'https://gamedownloads-rockstargames-com.akamaized.net/public/launcher_online_config.xml' (status: 0/200)
[2024-04-08 01:32:40.964] [DISPLAY] [Workr] [titlemanager] Downloading title list...
[2024-04-08 01:32:40.964] [DISPLAY] [Workr] [titlemanager] Downloading default title list (SCS)...
[2024-04-08 01:32:40.964] [DISPLAY] [Workr] [idownloader] Starting download of 'https://rgl-prod.ros.rockstargames.com/launcher/11/LauncherServices/App.asmx/GetDefaultApps?accessToken='
[2024-04-08 01:32:41.875] [DISPLAY] [Workr] [idownloader] Completed download of 'https://rgl-prod.ros.rockstargames.com/launcher/11/LauncherServices/App.asmx/GetDefaultApps?accessToken=' (status: 0/200)
[2024-04-08 01:32:41.875] [DISPLAY] [Workr] [titlemanager] Title list updated.
[2024-04-08 01:32:41.875] [DISPLAY] [Workr] [launcher] Checking for self-update...
[2024-04-08 01:32:41.879] [DISPLAY] [Workr] [statuschecker] Title Rockstar Games Launcher: No update
[2024-04-08 01:32:41.883] [DISPLAY] [Workr] [launcher] No self-update, continuing.
[2024-04-08 01:32:41.883] [DISPLAY] [Workr] [launcher] Checking for prerequisite updates...
[2024-04-08 01:32:41.949] [DISPLAY] [Workr] [preqmanager] The Social Club version available matches that currently installed (both: 2.3.0.2)
[2024-04-08 01:32:41.949] [DISPLAY] [Workr] [titleupdater] No prerequisites to install.
[2024-04-08 01:32:41.949] [DISPLAY] [Workr] [launcher] Checking minimum SDK requirement
[2024-04-08 01:32:41.950] [DISPLAY] [Workr] [launcher] Completed Social Club Pre-initialization tasks
[2024-04-08 01:32:44.161] [DISPLAY] [Main ] [launcher] Social Club UI has started.
[2024-04-08 01:32:44.162] [DISPLAY] [Main ] [external] Notifying Social Club UI about external launch...
[2024-04-08 01:32:44.162] [DISPLAY] [Admin] [external] Setting up Steam title...
[2024-04-08 01:32:44.162] [DISPLAY] [Admin] [metadatamanager] Read external Steam metadata: gta4
[2024-04-08 01:32:44.162] [DISPLAY] [Admin] [external] Ready to attempt a launch.
[2024-04-08 01:32:47.819] [DISPLAY] [Main ] [launcher] Presence Event - Signed In
[2024-04-08 01:32:47.819] [DISPLAY] [Main ] [launcher] User 'Otorix_' is now signed in
[2024-04-08 01:32:47.855] [DISPLAY] [Main ] [launcher] Presence Event :: Went Online
[2024-04-08 01:32:47.855] [DISPLAY] [Main ] [external] Preparing to update/launch...
[2024-04-08 01:32:47.855] [DISPLAY] [Admin] [titlemanager] Downloading title list...
[2024-04-08 01:32:47.855] [DISPLAY] [Admin] [titlemanager] Downloading title list (SCS)...
[2024-04-08 01:32:47.855] [DISPLAY] [Main ] [launcher] Time to start up: 8326 ms
[2024-04-08 01:32:47.858] [DISPLAY] [Main ] [ui_mainwindow] Using DPI 96,96
[2024-04-08 01:32:47.858] [DISPLAY] [Main ] [ui_mainwindow] Using UI Scale: 1.00
[2024-04-08 01:32:47.859] [DISPLAY] [Main ] [ui_mainwindow] Using saved geometry: 320,220 (1024 x 600)
[2024-04-08 01:32:47.895] [DISPLAY] [Main ] [systemtray] System tray: enabled
[2024-04-08 01:32:47.905] [DISPLAY] [Main ] [scuicallbacks] Enabling Downloading
[2024-04-08 01:32:47.958] [DISPLAY] [Main ] [launcher] Friend Event - Friends are Available
[2024-04-08 01:32:48.362] [DISPLAY] [Main ] [scuicallbacks] Setting updated
[2024-04-08 01:32:48.362] [DISPLAY] [Main ] [scuicallbacks] Launch requested
[2024-04-08 01:32:48.362] [DISPLAY] [Main ] [scuicallbacks] Launch requested by user: gta4, 
[2024-04-08 01:32:48.362] [DISPLAY] [Main ] [external] Attempting external title launch...
[2024-04-08 01:32:48.990] [DISPLAY] [Admin] [titlemanager] Title list updated.
[2024-04-08 01:32:48.991] [DISPLAY] [Admin] [external] Ready to attempt a launch.
[2024-04-08 01:32:48.991] [DISPLAY] [Admin] [external] Attempting Steam launch. User is 'Alix'
[2024-04-08 01:32:49.032] [DISPLAY] [24424] [gamelaunch] Title has no minimum RGL version.
[2024-04-08 01:32:49.032] [DISPLAY] [24424] [gamelaunch] Title has no minimum RGL version.
[2024-04-08 01:32:50.651] [DISPLAY] [Admin] [titlemanager] Downloading title list...
[2024-04-08 01:32:50.651] [DISPLAY] [Admin] [titlemanager] Downloading title list (SCS)...
[2024-04-08 01:32:51.632] [DISPLAY] [Admin] [titlemanager] Title list updated.
[2024-04-08 01:32:52.912] [DISPLAY] [Main ] [gfwl] No GFWL save data migration is required.
[2024-04-08 01:32:52.928] [DISPLAY] [Main ] [cloudsaveop] Cloud Save sync requested for title 'gta4'
[2024-04-08 01:32:52.945] [DISPLAY] [Main ] [cloudsaveop] Starting cloud save enabled check for title 'gta4'
[2024-04-08 01:32:52.950] [DISPLAY] [Main ] [cloudsaveop] Received cloud saves enabled state for title 'gta4' = enabled
[2024-04-08 01:32:52.950] [DISPLAY] [Main ] [cloudsaveop] Identifying potential cloud save conflicts for title 'gta4'
[2024-04-08 01:32:53.742] [DISPLAY] [Main ] [cloudsaveop] Received modification list of cloud save files for title 'gta4'
[2024-04-08 01:32:53.742] [DISPLAY] [Main ] [cloudsaveop] Retrieving conflict metadata for title 'gta4'
[2024-04-08 01:32:54.470] [DISPLAY] [Main ] [cloudsaveop] Downloaded conflict metadata for title 'gta4'
[2024-04-08 01:32:54.470] [DISPLAY] [Main ] [cloudsaveop] Waiting for conflict resolutions for title 'gta4'
[2024-04-08 01:32:54.487] [DISPLAY] [Main ] [scuimessage] Conflict with file 'ProfileSettings' (type: 4)
[2024-04-08 01:32:54.487] [DISPLAY] [Main ] [scuimessage] Cloud save conflicts, requesting conflict resolution.
