[2024-04-07 00:49:45.068] [DISPLAY] [Main ] [sysinfo] OS Version: Major: 10 Minor: 0 Build: 19045 Service Pack: 
[2024-04-07 00:49:45.078] [DISPLAY] [Main ] [main] Working directory: C:\Program Files\Rockstar Games\Launcher
[2024-04-07 00:49:45.090] [DISPLAY] [Main ] [minmode] Running in Steam mode
[2024-04-07 00:49:45.090] [DISPLAY] [Main ] [minmode] Steam App Id: 12210
[2024-04-07 00:49:45.090] [DISPLAY] [Main ] [minmode] Title Id: 
[2024-04-07 00:49:45.090] [DISPLAY] [Main ] [minmode] Location: C:\Program Files (x86)\Steam\steamapps\common\Grand Theft Auto IV\GTAIV
[2024-04-07 00:49:45.090] [DISPLAY] [Main ] [launcher] Opening log file.
[2024-04-07 00:49:45.093] [DISPLAY] [Main ] [main] Command line: "C:\Program Files\Rockstar Games\Launcher\Launcher.exe" -skipPatcherCheck -steamAppId=12210 -steamLocation "C:\Program Files (x86)\Steam\steamapps\common\Grand Theft Auto IV\GTAIV" @args.txt
[2024-04-07 00:49:45.093] [DISPLAY] [Main ] [main] P4 Version: 
[2024-04-07 00:49:45.093] [DISPLAY] [Main ] [main] RGL Branch: release_02
[2024-04-07 00:49:45.093] [DISPLAY] [Main ] [main] Version: 1.0.87.1898
[2024-04-07 00:49:45.093] [DISPLAY] [Main ] [main] Parameters:
[2024-04-07 00:49:45.093] [DISPLAY] [Main ] [main]     C:\Program Files\Rockstar Games\Launcher\Launcher.exe
[2024-04-07 00:49:45.093] [DISPLAY] [Main ] [main]     -skipPatcherCheck
[2024-04-07 00:49:45.093] [DISPLAY] [Main ] [main]     -steamAppId=12210
[2024-04-07 00:49:45.093] [DISPLAY] [Main ] [main]     -steamLocation
[2024-04-07 00:49:45.093] [DISPLAY] [Main ] [main]     C:\Program Files (x86)\Steam\steamapps\common\Grand Theft Auto IV\GTAIV
[2024-04-07 00:49:45.093] [DISPLAY] [Main ] [main]     @args.txt
[2024-04-07 00:49:45.110] [DISPLAY] [Main ] [titlemanager] Installed titles:
[2024-04-07 00:49:45.110] [DISPLAY] [Main ] [titlemanager]  Title                             Progress               Version              Location                                                    
[2024-04-07 00:49:45.117] [DISPLAY] [Main ] [svc] Service version: 1.0.87.1898 (1.0.87.1898)
[2024-04-07 00:49:45.203] [DISPLAY] [Main ] [fileutils] Version: 2.3.0.2 | 1.0.87.1898 | FFP
[2024-04-07 00:49:45.218] [DISPLAY] [Workr] [selfupdate] Up-to-date.
[2024-04-07 00:49:45.671] [DISPLAY] [bgsvc] [svc] Received response from service.
[2024-04-07 00:49:45.999] [DISPLAY] [Main ] [systemtray] System tray: enabled
[2024-04-07 00:49:46.001] [DISPLAY] [Main ] [launcher] Passed check: majorVersion(10.0.19045) >= 10
[2024-04-07 00:49:46.007] [DISPLAY] [Workr] [idownloader] Starting download of 'https://gamedownloads-rockstargames-com.akamaized.net/public/launcher_online_config.xml'
[2024-04-07 00:49:46.115] [DISPLAY] [Workr] [idownloader] Completed download of 'https://gamedownloads-rockstargames-com.akamaized.net/public/launcher_online_config.xml' (status: 0/200)
[2024-04-07 00:49:46.115] [DISPLAY] [Workr] [titlemanager] Downloading title list...
[2024-04-07 00:49:46.115] [DISPLAY] [Workr] [titlemanager] Downloading default title list (SCS)...
[2024-04-07 00:49:46.115] [DISPLAY] [Workr] [idownloader] Starting download of 'https://rgl-prod.ros.rockstargames.com/launcher/11/LauncherServices/App.asmx/GetDefaultApps?accessToken='
[2024-04-07 00:49:47.013] [DISPLAY] [Workr] [idownloader] Completed download of 'https://rgl-prod.ros.rockstargames.com/launcher/11/LauncherServices/App.asmx/GetDefaultApps?accessToken=' (status: 0/200)
[2024-04-07 00:49:47.013] [DISPLAY] [Workr] [titlemanager] Title list updated.
[2024-04-07 00:49:47.013] [DISPLAY] [Workr] [launcher] Checking for self-update...
[2024-04-07 00:49:47.017] [DISPLAY] [Workr] [statuschecker] Title Rockstar Games Launcher: No update
[2024-04-07 00:49:47.021] [DISPLAY] [Workr] [launcher] No self-update, continuing.
[2024-04-07 00:49:47.021] [DISPLAY] [Workr] [launcher] Checking for prerequisite updates...
[2024-04-07 00:49:47.023] [DISPLAY] [Workr] [preqmanager] The Social Club version available matches that currently installed (both: 2.3.0.2)
[2024-04-07 00:49:47.023] [DISPLAY] [Workr] [titleupdater] No prerequisites to install.
[2024-04-07 00:49:47.023] [DISPLAY] [Workr] [launcher] Checking minimum SDK requirement
[2024-04-07 00:49:47.040] [DISPLAY] [Workr] [launcher] Completed Social Club Pre-initialization tasks
[2024-04-07 00:49:48.353] [DISPLAY] [Main ] [launcher] Social Club UI has started.
[2024-04-07 00:49:48.354] [DISPLAY] [Main ] [external] Notifying Social Club UI about external launch...
[2024-04-07 00:49:48.354] [DISPLAY] [Admin] [external] Setting up Steam title...
[2024-04-07 00:49:48.354] [DISPLAY] [Admin] [metadatamanager] Read external Steam metadata: gta4
[2024-04-07 00:49:48.355] [DISPLAY] [Admin] [external] Ready to attempt a launch.
[2024-04-07 00:49:51.522] [DISPLAY] [Main ] [launcher] Presence Event - Signed In
[2024-04-07 00:49:51.522] [DISPLAY] [Main ] [launcher] User 'Otorix_' is now signed in
[2024-04-07 00:49:51.547] [DISPLAY] [Main ] [launcher] Presence Event :: Went Online
[2024-04-07 00:49:51.547] [DISPLAY] [Main ] [external] Preparing to update/launch...
[2024-04-07 00:49:51.547] [DISPLAY] [Admin] [titlemanager] Downloading title list...
[2024-04-07 00:49:51.547] [DISPLAY] [Admin] [titlemanager] Downloading title list (SCS)...
[2024-04-07 00:49:51.547] [DISPLAY] [Main ] [launcher] Time to start up: 6510 ms
[2024-04-07 00:49:51.550] [DISPLAY] [Main ] [ui_mainwindow] Using DPI 96,96
[2024-04-07 00:49:51.550] [DISPLAY] [Main ] [ui_mainwindow] Using UI Scale: 1.00
[2024-04-07 00:49:51.550] [DISPLAY] [Main ] [ui_mainwindow] Using saved geometry: 320,220 (1024 x 600)
[2024-04-07 00:49:51.581] [DISPLAY] [Main ] [systemtray] System tray: enabled
[2024-04-07 00:49:51.606] [DISPLAY] [Main ] [scuicallbacks] Enabling Downloading
[2024-04-07 00:49:51.640] [DISPLAY] [Main ] [launcher] Friend Event - Friends are Available
[2024-04-07 00:49:52.098] [DISPLAY] [Main ] [scuicallbacks] Setting updated
[2024-04-07 00:49:52.098] [DISPLAY] [Main ] [scuicallbacks] Launch requested
[2024-04-07 00:49:52.098] [DISPLAY] [Main ] [scuicallbacks] Launch requested by user: gta4, 
[2024-04-07 00:49:52.098] [DISPLAY] [Main ] [external] Attempting external title launch...
[2024-04-07 00:49:52.641] [DISPLAY] [Admin] [titlemanager] Title list updated.
[2024-04-07 00:49:52.642] [DISPLAY] [Admin] [external] Ready to attempt a launch.
[2024-04-07 00:49:52.642] [DISPLAY] [Admin] [external] Attempting Steam launch. User is 'Alix'
[2024-04-07 00:49:52.684] [DISPLAY] [ 4996] [gamelaunch] Title has no minimum RGL version.
[2024-04-07 00:49:52.684] [DISPLAY] [ 4996] [gamelaunch] Title has no minimum RGL version.
[2024-04-07 00:49:53.938] [DISPLAY] [Admin] [titlemanager] Downloading title list...
[2024-04-07 00:49:53.938] [DISPLAY] [Admin] [titlemanager] Downloading title list (SCS)...
[2024-04-07 00:49:55.070] [DISPLAY] [Admin] [titlemanager] Title list updated.
[2024-04-07 00:49:56.630] [DISPLAY] [Main ] [gfwl] No GFWL save data migration is required.
[2024-04-07 00:49:56.647] [DISPLAY] [Main ] [cloudsaveop] Cloud Save sync requested for title 'gta4'
[2024-04-07 00:49:56.664] [DISPLAY] [Main ] [cloudsaveop] Starting cloud save enabled check for title 'gta4'
[2024-04-07 00:49:56.665] [DISPLAY] [Main ] [cloudsaveop] Received cloud saves enabled state for title 'gta4' = enabled
[2024-04-07 00:49:56.665] [DISPLAY] [Main ] [cloudsaveop] Identifying potential cloud save conflicts for title 'gta4'
[2024-04-07 00:49:57.446] [DISPLAY] [Main ] [cloudsaveop] Received modification list of cloud save files for title 'gta4'
[2024-04-07 00:49:57.446] [DISPLAY] [Main ] [cloudsaveop] Retrieving conflict metadata for title 'gta4'
[2024-04-07 00:49:57.463] [DISPLAY] [Main ] [cloudsaveop] Downloaded conflict metadata for title 'gta4'
[2024-04-07 00:49:57.463] [DISPLAY] [Main ] [cloudsaveop] Posting updated files for title 'gta4'
[2024-04-07 00:49:57.480] [DISPLAY] [Main ] [cloudsaveop] File uploading completed for title 'gta4'
[2024-04-07 00:49:57.480] [DISPLAY] [Main ] [cloudsaveop] Getting update files for title 'gta4'
[2024-04-07 00:49:57.497] [DISPLAY] [Main ] [cloudsaveop] File downloading completed for title 'gta4'
[2024-04-07 00:49:57.497] [DISPLAY] [Main ] [cloudsaveop] Deleting updated files for title 'gta4'
[2024-04-07 00:49:57.514] [DISPLAY] [Main ] [cloudsaveop] Files deletion completed for title 'gta4'
[2024-04-07 00:49:57.514] [DISPLAY] [Main ] [cloudsaveop] Swapping updated files in place for title 'gta4'
[2024-04-07 00:49:57.532] [DISPLAY] [Main ] [cloudsaveop] Finished syncing cloud saves for title 'gta4'
[2024-04-07 00:49:58.691] [DISPLAY] [ 4996] [gamelaunch] Launching game...
[2024-04-07 00:49:58.691] [DISPLAY] [ 4996] [gamelaunch]  Path: C:\Program Files (x86)\Steam\steamapps\common\Grand Theft Auto IV\GTAIV\GTAIV.exe
[2024-04-07 00:49:58.691] [DISPLAY] [ 4996] [gamelaunch]  Command Line: "C:\Program Files (x86)\Steam\steamapps\common\Grand Theft Auto IV\GTAIV\GTAIV.exe" -skipPatcherCheck -steamLocation "C:\Program Files (x86)\Steam\steamapps\common\Grand Theft Auto IV\GTAIV" @args.txt @commandline.txt -useSteam -steamAppId=12210 -scCommerceProvider=4
[2024-04-07 00:49:58.691] [DISPLAY] [ 4996] [gamelaunch]  Working Directory: C:\Program Files (x86)\Steam\steamapps\common\Grand Theft Auto IV\GTAIV
[2024-04-07 00:57:57.091] [DISPLAY] [ 4996] [gamelaunch] Game exited with code 0x0 (0)
[2024-04-07 00:57:57.091] [DISPLAY] [ 4996] [crashdetection] Game left no exit file.
[2024-04-07 00:57:57.091] [DISPLAY] [ 4996] [crashdetection] Exit code 0x0 indicates a clean game shutdown
[2024-04-07 00:57:57.186] [DISPLAY] [Main ] [cloudsaveop] Cloud Save sync requested for title 'gta4'
[2024-04-07 00:57:57.203] [DISPLAY] [Main ] [cloudsaveop] Starting cloud save enabled check for title 'gta4'
[2024-04-07 00:57:57.204] [DISPLAY] [Main ] [cloudsaveop] Received cloud saves enabled state for title 'gta4' = enabled
[2024-04-07 00:57:57.204] [DISPLAY] [Main ] [cloudsaveop] Identifying potential cloud save conflicts for title 'gta4'
[2024-04-07 00:57:57.951] [DISPLAY] [Main ] [cloudsaveop] Received modification list of cloud save files for title 'gta4'
[2024-04-07 00:57:57.951] [DISPLAY] [Main ] [cloudsaveop] Retrieving conflict metadata for title 'gta4'
[2024-04-07 00:57:58.704] [DISPLAY] [Main ] [cloudsaveop] Downloaded conflict metadata for title 'gta4'
[2024-04-07 00:57:58.704] [DISPLAY] [Main ] [cloudsaveop] Waiting for conflict resolutions for title 'gta4'
[2024-04-07 00:58:00.659] [DISPLAY] [Main ] [scuicallbacks] Enabling Downloading
[2024-04-07 00:58:00.712] [DISPLAY] [Main ] [external] Notifying Social Club UI about external title launch on awake...
[2024-04-07 00:58:00.713] [DISPLAY] [dsksp] [sysinfo] Drive C:\ has 293.40 GB free, 930.90 GB total
[2024-04-07 00:58:00.713] [DISPLAY] [Main ] [ui_mainwindow] Using DPI 96,96
[2024-04-07 00:58:00.713] [DISPLAY] [Main ] [ui_mainwindow] Using UI Scale: 1.00
[2024-04-07 00:58:00.713] [DISPLAY] [Main ] [ui_mainwindow] Using saved geometry: 320,220 (1024 x 600)
[2024-04-07 00:58:00.760] [DISPLAY] [Main ] [scuimessage] Conflict with file 'ProfileSettings' (type: 4)
[2024-04-07 00:58:00.760] [DISPLAY] [Main ] [scuimessage] Cloud save conflicts, requesting conflict resolution.
[2024-04-07 00:58:00.798] [DISPLAY] [Main ] [scuicallbacks] Setting updated
