[2024-04-02 22:44:28.985] [DISPLAY] [Main ] [sysinfo] OS Version: Major: 10 Minor: 0 Build: 19045 Service Pack: 
[2024-04-02 22:44:28.995] [DISPLAY] [Main ] [main] Working directory: C:\Program Files\Rockstar Games\Launcher
[2024-04-02 22:44:29.011] [DISPLAY] [Main ] [minmode] Running in Epic mode.
[2024-04-02 22:44:29.011] [DISPLAY] [Main ] [minmode] Title Id: gta5
[2024-04-02 22:44:29.011] [DISPLAY] [Main ] [minmode] Location: C:\Program Files\Epic Games\GTAV
[2024-04-02 22:44:29.011] [DISPLAY] [Main ] [launcher] Opening log file.
[2024-04-02 22:44:29.013] [DISPLAY] [Main ] [main] Command line: "C:\Program Files\Rockstar Games\Launcher\Launcher.exe" -skipPatcherCheck -epicAppId=gta5  -AUTH_LOGIN=unused -AUTH_PASSWORD=358ae41c1c46469082deebdfaffb9e48 -AUTH_TYPE=exchangecode -epicapp=9d2d0eb64d5c44529cece33fe2a46482 -epicenv=Prod -EpicPortal  -epicusername="Otorix_" -epicuserid=4f5014836f5b45c1a6439a66e23d786d -epiclocale=pt-BR -epicsandboxid=0584d2013f0149a791e7b9bad0eec102 -rlrosDomainEnv=prod @args.txt
[2024-04-02 22:44:29.013] [DISPLAY] [Main ] [main] P4 Version: 
[2024-04-02 22:44:29.013] [DISPLAY] [Main ] [main] RGL Branch: release_02
[2024-04-02 22:44:29.013] [DISPLAY] [Main ] [main] Version: 1.0.87.1898
[2024-04-02 22:44:29.013] [DISPLAY] [Main ] [main] Parameters:
[2024-04-02 22:44:29.013] [DISPLAY] [Main ] [main]     C:\Program Files\Rockstar Games\Launcher\Launcher.exe
[2024-04-02 22:44:29.013] [DISPLAY] [Main ] [main]     -skipPatcherCheck
[2024-04-02 22:44:29.013] [DISPLAY] [Main ] [main]     -epicAppId=gta5
[2024-04-02 22:44:29.013] [DISPLAY] [Main ] [main]     -AUTH_LOGIN=unused
[2024-04-02 22:44:29.013] [DISPLAY] [Main ] [main]     -AUTH_PASSWORD=358ae41c1c46469082deebdfaffb9e48
[2024-04-02 22:44:29.013] [DISPLAY] [Main ] [main]     -AUTH_TYPE=exchangecode
[2024-04-02 22:44:29.013] [DISPLAY] [Main ] [main]     -epicapp=9d2d0eb64d5c44529cece33fe2a46482
[2024-04-02 22:44:29.013] [DISPLAY] [Main ] [main]     -epicenv=Prod
[2024-04-02 22:44:29.013] [DISPLAY] [Main ] [main]     -EpicPortal
[2024-04-02 22:44:29.014] [DISPLAY] [Main ] [main]     -epicusername=Otorix_
[2024-04-02 22:44:29.014] [DISPLAY] [Main ] [main]     -epicuserid=4f5014836f5b45c1a6439a66e23d786d
[2024-04-02 22:44:29.014] [DISPLAY] [Main ] [main]     -epiclocale=pt-BR
[2024-04-02 22:44:29.014] [DISPLAY] [Main ] [main]     -epicsandboxid=0584d2013f0149a791e7b9bad0eec102
[2024-04-02 22:44:29.014] [DISPLAY] [Main ] [main]     -rlrosDomainEnv=prod
[2024-04-02 22:44:29.014] [DISPLAY] [Main ] [main]     @args.txt
[2024-04-02 22:44:29.030] [DISPLAY] [Main ] [titlemanager] Installed titles:
[2024-04-02 22:44:29.030] [DISPLAY] [Main ] [titlemanager]  Title                             Progress               Version              Location                                                    
[2024-04-02 22:44:29.036] [DISPLAY] [Main ] [svc] Service version: 1.0.87.1898 (1.0.87.1898)
[2024-04-02 22:44:29.061] [DISPLAY] [Main ] [fileutils] Version: 2.3.0.2 | 1.0.87.1898 | FFP
[2024-04-02 22:44:29.075] [DISPLAY] [Workr] [selfupdate] Up-to-date.
[2024-04-02 22:44:29.568] [DISPLAY] [bgsvc] [svc] Received response from service.
[2024-04-02 22:44:29.842] [DISPLAY] [Main ] [systemtray] System tray: enabled
[2024-04-02 22:44:29.844] [DISPLAY] [Main ] [launcher] Passed check: majorVersion(10.0.19045) >= 10
[2024-04-02 22:44:29.850] [DISPLAY] [Workr] [idownloader] Starting download of 'https://gamedownloads-rockstargames-com.akamaized.net/public/launcher_online_config.xml'
[2024-04-02 22:44:29.951] [DISPLAY] [Workr] [idownloader] Completed download of 'https://gamedownloads-rockstargames-com.akamaized.net/public/launcher_online_config.xml' (status: 0/200)
[2024-04-02 22:44:29.951] [DISPLAY] [Workr] [titlemanager] Downloading title list...
[2024-04-02 22:44:29.951] [DISPLAY] [Workr] [titlemanager] Downloading default title list (SCS)...
[2024-04-02 22:44:29.951] [DISPLAY] [Workr] [idownloader] Starting download of 'https://rgl-prod.ros.rockstargames.com/launcher/11/LauncherServices/App.asmx/GetDefaultApps?accessToken='
[2024-04-02 22:44:30.841] [DISPLAY] [Workr] [idownloader] Completed download of 'https://rgl-prod.ros.rockstargames.com/launcher/11/LauncherServices/App.asmx/GetDefaultApps?accessToken=' (status: 0/200)
[2024-04-02 22:44:30.841] [DISPLAY] [Workr] [titlemanager] Title list updated.
[2024-04-02 22:44:30.841] [DISPLAY] [Workr] [launcher] Checking for self-update...
[2024-04-02 22:44:30.844] [DISPLAY] [Workr] [statuschecker] Title Rockstar Games Launcher: No update
[2024-04-02 22:44:30.848] [DISPLAY] [Workr] [launcher] No self-update, continuing.
[2024-04-02 22:44:30.848] [DISPLAY] [Workr] [launcher] Checking for prerequisite updates...
[2024-04-02 22:44:30.851] [DISPLAY] [Workr] [preqmanager] The Social Club version available matches that currently installed (both: 2.3.0.2)
[2024-04-02 22:44:30.851] [DISPLAY] [Workr] [titleupdater] No prerequisites to install.
[2024-04-02 22:44:30.851] [DISPLAY] [Workr] [launcher] Checking minimum SDK requirement
[2024-04-02 22:44:30.863] [DISPLAY] [Workr] [launcher] Completed Social Club Pre-initialization tasks
[2024-04-02 22:44:32.079] [DISPLAY] [Main ] [launcher] Social Club UI has started.
[2024-04-02 22:44:32.079] [DISPLAY] [Main ] [external] Notifying Social Club UI about external launch...
[2024-04-02 22:44:32.079] [DISPLAY] [Admin] [external] Setting up Epic title...
[2024-04-02 22:44:32.080] [DISPLAY] [Admin] [metadatamanager] Read external Epic metadata: gta5
[2024-04-02 22:44:32.731] [DISPLAY] [Main ] [launcher] Time to start up: 3766 ms
[2024-04-02 22:44:32.733] [DISPLAY] [Main ] [ui_mainwindow] Using DPI 96,96
[2024-04-02 22:44:32.733] [DISPLAY] [Main ] [ui_mainwindow] Using UI Scale: 1.00
[2024-04-02 22:44:32.733] [DISPLAY] [Main ] [ui_mainwindow] Using saved geometry: 320,220 (1024 x 600)
[2024-04-02 22:44:32.764] [DISPLAY] [Main ] [systemtray] System tray: enabled
[2024-04-02 22:44:35.160] [DISPLAY] [Main ] [launcher] OnEpicEvent :: 0 received
[2024-04-02 22:44:35.966] [DISPLAY] [Admin] [external] Epic ownership request indicated valid entitlement of at least once audience
[2024-04-02 22:44:35.973] [DISPLAY] [Admin] [external] Ready to attempt a launch.
[2024-04-02 22:44:38.588] [DISPLAY] [Main ] [launcher] Presence Event - Signed In
[2024-04-02 22:44:38.588] [DISPLAY] [Main ] [launcher] User 'Otorix_' is now signed in
[2024-04-02 22:44:38.595] [DISPLAY] [Main ] [launcher] Presence Event :: Went Online
[2024-04-02 22:44:38.595] [DISPLAY] [Main ] [external] Preparing to update/launch...
[2024-04-02 22:44:38.595] [DISPLAY] [Admin] [titlemanager] Downloading title list...
[2024-04-02 22:44:38.595] [DISPLAY] [Admin] [titlemanager] Downloading title list (SCS)...
[2024-04-02 22:44:38.640] [DISPLAY] [Main ] [scuicallbacks] Enabling Downloading
[2024-04-02 22:44:38.656] [DISPLAY] [Main ] [launcher] Friend Event - Friends are Available
[2024-04-02 22:44:39.130] [DISPLAY] [Main ] [scuicallbacks] Setting updated
[2024-04-02 22:44:39.130] [DISPLAY] [Main ] [scuicallbacks] Launch requested
[2024-04-02 22:44:39.130] [DISPLAY] [Main ] [scuicallbacks] Launch requested by user: gta5, 
[2024-04-02 22:44:39.130] [DISPLAY] [Main ] [external] Attempting external title launch...
[2024-04-02 22:44:39.716] [DISPLAY] [Admin] [titlemanager] Title list updated.
[2024-04-02 22:44:39.716] [DISPLAY] [Admin] [external] Ready to attempt a launch.
[2024-04-02 22:44:39.724] [DISPLAY] [18728] [gamelaunch] RGL is up to date (current: 1.0.87.1898, minimum: 1.0.26.268)
[2024-04-02 22:44:39.724] [DISPLAY] [18728] [gamelaunch] Grand Theft Auto V is up to date (current: 1.0.3095.0, minimum: 1.0.1868.0)
[2024-04-02 22:44:40.774] [DISPLAY] [Admin] [titlemanager] Downloading title list...
[2024-04-02 22:44:40.774] [DISPLAY] [Admin] [titlemanager] Downloading title list (SCS)...
[2024-04-02 22:44:41.777] [DISPLAY] [Admin] [titlemanager] Title list updated.
[2024-04-02 22:44:43.130] [DISPLAY] [Main ] [cloudsaveop] Cloud Save sync requested for title 'gta5'
[2024-04-02 22:44:43.147] [DISPLAY] [Main ] [cloudsaveop] Starting cloud save enabled check for title 'gta5'
[2024-04-02 22:44:43.147] [DISPLAY] [Main ] [cloudsaveop] Received cloud saves enabled state for title 'gta5' = enabled
[2024-04-02 22:44:43.147] [DISPLAY] [Main ] [cloudsaveop] Identifying potential cloud save conflicts for title 'gta5'
[2024-04-02 22:44:43.926] [DISPLAY] [Main ] [cloudsaveop] Received modification list of cloud save files for title 'gta5'
[2024-04-02 22:44:43.926] [DISPLAY] [Main ] [cloudsaveop] Retrieving conflict metadata for title 'gta5'
[2024-04-02 22:44:43.943] [DISPLAY] [Main ] [cloudsaveop] Downloaded conflict metadata for title 'gta5'
[2024-04-02 22:44:43.943] [DISPLAY] [Main ] [cloudsaveop] Posting updated files for title 'gta5'
[2024-04-02 22:44:43.960] [DISPLAY] [Main ] [cloudsaveop] File uploading completed for title 'gta5'
[2024-04-02 22:44:43.960] [DISPLAY] [Main ] [cloudsaveop] Getting update files for title 'gta5'
[2024-04-02 22:44:43.977] [DISPLAY] [Main ] [cloudsaveop] File downloading completed for title 'gta5'
[2024-04-02 22:44:43.977] [DISPLAY] [Main ] [cloudsaveop] Deleting updated files for title 'gta5'
[2024-04-02 22:44:43.994] [DISPLAY] [Main ] [cloudsaveop] Files deletion completed for title 'gta5'
[2024-04-02 22:44:43.994] [DISPLAY] [Main ] [cloudsaveop] Swapping updated files in place for title 'gta5'
[2024-04-02 22:44:44.011] [DISPLAY] [Main ] [cloudsaveop] Finished syncing cloud saves for title 'gta5'
[2024-04-02 22:44:44.044] [DISPLAY] [net1 ] [audio] Valid Audio Device: true
[2024-04-02 22:44:45.248] [DISPLAY] [18728] [gamelaunch] Launching game...
[2024-04-02 22:44:45.248] [DISPLAY] [18728] [gamelaunch]  Path: C:\Program Files\Epic Games\GTAV\GTA5.exe
[2024-04-02 22:44:45.248] [DISPLAY] [18728] [gamelaunch]  Command Line: "C:\Program Files\Epic Games\GTAV\GTA5.exe" -skipPatcherCheck -epicAppId=gta5 -AUTH_LOGIN=unused -AUTH_PASSWORD=358ae41c1c46469082deebdfaffb9e48 -AUTH_TYPE=exchangecode -epicapp=9d2d0eb64d5c44529cece33fe2a46482 -epicenv=Prod -EpicPortal -epicusername=Otorix_ -epicuserid=4f5014836f5b45c1a6439a66e23d786d -epiclocale=pt-BR -epicsandboxid=0584d2013f0149a791e7b9bad0eec102 -rlrosDomainEnv=prod @args.txt @commandline.txt -enableCrashpad -useEpic -scCommerceProvider=4 -rglLanguage=pt-PT
[2024-04-02 22:44:45.248] [DISPLAY] [18728] [gamelaunch]  Working Directory: C:\Program Files\Epic Games\GTAV
[2024-04-02 22:51:06.355] [DISPLAY] [18728] [gamelaunch] Game exited with code 0x0 (0)
[2024-04-02 22:51:06.355] [DISPLAY] [18728] [crashdetection] Game left no exit file.
[2024-04-02 22:51:06.355] [DISPLAY] [18728] [crashdetection] Exit code 0x0 indicates a clean game shutdown
[2024-04-02 22:51:06.410] [DISPLAY] [Main ] [cloudsaveop] Cloud Save sync requested for title 'gta5'
[2024-04-02 22:51:06.427] [DISPLAY] [Main ] [cloudsaveop] Starting cloud save enabled check for title 'gta5'
[2024-04-02 22:51:06.428] [DISPLAY] [Main ] [cloudsaveop] Received cloud saves enabled state for title 'gta5' = enabled
[2024-04-02 22:51:06.428] [DISPLAY] [Main ] [cloudsaveop] Identifying potential cloud save conflicts for title 'gta5'
[2024-04-02 22:51:07.155] [DISPLAY] [Main ] [cloudsaveop] Received modification list of cloud save files for title 'gta5'
[2024-04-02 22:51:07.155] [DISPLAY] [Main ] [cloudsaveop] Retrieving conflict metadata for title 'gta5'
[2024-04-02 22:51:07.172] [DISPLAY] [Main ] [cloudsaveop] Downloaded conflict metadata for title 'gta5'
[2024-04-02 22:51:07.172] [DISPLAY] [Main ] [cloudsaveop] Posting updated files for title 'gta5'
[2024-04-02 22:51:07.189] [DISPLAY] [Main ] [cloudsaveop] File uploading completed for title 'gta5'
[2024-04-02 22:51:07.189] [DISPLAY] [Main ] [cloudsaveop] Getting update files for title 'gta5'
[2024-04-02 22:51:07.206] [DISPLAY] [Main ] [cloudsaveop] File downloading completed for title 'gta5'
[2024-04-02 22:51:07.206] [DISPLAY] [Main ] [cloudsaveop] Deleting updated files for title 'gta5'
[2024-04-02 22:51:07.223] [DISPLAY] [Main ] [cloudsaveop] Files deletion completed for title 'gta5'
[2024-04-02 22:51:07.223] [DISPLAY] [Main ] [cloudsaveop] Swapping updated files in place for title 'gta5'
[2024-04-02 22:51:07.240] [DISPLAY] [Main ] [cloudsaveop] Finished syncing cloud saves for title 'gta5'
[2024-04-02 22:51:08.156] [DISPLAY] [18728] [launcher] Shutdown requested! Forced: false
[2024-04-02 22:51:08.156] [DISPLAY] [Main ] [launcher] StartShutdown - Now in progress
[2024-04-02 22:51:08.156] [DISPLAY] [Main ] [svc] Stopping the background service.
[2024-04-02 22:51:09.773] [DISPLAY] [Main ] [app] Application quit requested (exit code: 0)
